<html>
<head>
<title>TestNG:  Default test</title>
<link href="../testng.css" rel="stylesheet" type="text/css" />
<link href="../my-testng.css" rel="stylesheet" type="text/css" />

<style type="text/css">
.log { display: none;} 
.stack-trace { display: none;} 
</style>
<script type="text/javascript">
<!--
function flip(e) {
  current = e.style.display;
  if (current == 'block') {
    e.style.display = 'none';
    return 0;
  }
  else {
    e.style.display = 'block';
    return 1;
  }
}

function toggleBox(szDivId, elem, msg1, msg2)
{
  var res = -1;  if (document.getElementById) {
    res = flip(document.getElementById(szDivId));
  }
  else if (document.all) {
    // this is the way old msie versions work
    res = flip(document.all[szDivId]);
  }
  if(elem) {
    if(res == 0) elem.innerHTML = msg1; else elem.innerHTML = msg2;
  }

}

function toggleAllBoxes() {
  if (document.getElementsByTagName) {
    d = document.getElementsByTagName('div');
    for (i = 0; i < d.length; i++) {
      if (d[i].className == 'log') {
        flip(d[i]);
      }
    }
  }
}

// -->
</script>

</head>
<body>
<h2 align='center'>Default test</h2><table border='1' align="center">
<tr>
<td>Tests passed/Failed/Skipped:</td><td>0/0/4</td>
</tr><tr>
<<<<<<< HEAD
<td>Started on:</td><td>Fri Oct 02 11:34:31 AEST 2015</td>
=======
<td>Started on:</td><td>Fri Oct 02 13:48:17 AEST 2015</td>
>>>>>>> refs/heads/B_ParallelTest
</tr>
<<<<<<< HEAD
<tr><td>Total time:</td><td>1 seconds (1690 ms)</td>
=======
<tr><td>Total time:</td><td>0 seconds (22 ms)</td>
>>>>>>> refs/heads/B_ParallelTest
</tr><tr>
<td>Included groups:</td><td></td>
</tr><tr>
<td>Excluded groups:</td><td></td>
</tr>
</table><p/>
<small><i>(Hover the method name to see the test class name)</i></small><p/>
<table width='100%' border='1' class='invocation-failed'>
<tr><td colspan='4' align='center'><b>FAILED CONFIGURATIONS</b></td></tr>
<tr><td><b>Test method</b></td>
<td width="30%"><b>Exception</b></td>
<td width="10%"><b>Time (seconds)</b></td>
<td><b>Instance</b></td>
</tr>
<tr>
<<<<<<< HEAD
<td title='utilities.ExcelUtils.ReadDataFromExcel()'><b>ReadDataFromExcel</b><br>Test class: utilities.ExcelUtils</td>
<td></td>
<td>1</td>
<td>utilities.ExcelUtils@7f560810</td></tr>
=======
<td title='seleniumGrid1.ParallelTesting.launchapp()'><b>launchapp</b><br>Test class: seleniumGrid1.ParallelTesting</td>
<td><div><pre>org.testng.TestNGException: 
Parameter &apos;browser&apos; is required by @Configuration on method launchapp but has not been marked @Optional or defined
in C:\Users\skava\AppData\Local\Temp\testng-eclipse-601057190\testng-customsuite.xml
	at org.testng.internal.Parameters.createParameters(Parameters.java:148)
	at org.testng.internal.Parameters.createParameters(Parameters.java:361)
	at org.testng.internal.Parameters.createConfigurationParameters(Parameters.java:84)
	at org.testng.internal.Invoker.invokeConfigurations(Invoker.java:197)
	at org.testng.internal.Invoker.invokeConfigurations(Invoker.java:138)
	at org.testng.TestRunner.beforeRun(TestRunner.java:647)
	at org.testng.TestRunner.run(TestRunner.java:615)
	at org.testng.SuiteRunner.runTest(SuiteRunner.java:359)
	at org.testng.SuiteRunner.runSequentially(SuiteRunner.java:354)
	at org.testng.SuiteRunner.privateRun(SuiteRunner.java:312)
	at org.testng.SuiteRunner.run(SuiteRunner.java:261)
	at org.testng.SuiteRunnerWorker.runSuite(SuiteRunnerWorker.java:52)
	at org.testng.SuiteRunnerWorker.run(SuiteRunnerWorker.java:86)
	at org.testng.TestNG.runSuitesSequentially(TestNG.java:1185)
	at org.testng.TestNG.runSuitesLocally(TestNG.java:1110)
	at org.testng.TestNG.run(TestNG.java:1018)
	at org.testng.remote.RemoteTestNG.run(RemoteTestNG.java:112)
	at org.testng.remote.RemoteTestNG.initAndRun(RemoteTestNG.java:205)
	at org.testng.remote.RemoteTestNG.main(RemoteTestNG.java:176)
</pre></div><a href='#' onClick='toggleBox("stack-trace1458540918", this, "Click to show all stack frames", "Click to hide stack frames")'>Click to show all stack frames</a>
<div class='stack-trace' id='stack-trace1458540918'><pre>org.testng.TestNGException: 
Parameter &apos;browser&apos; is required by @Configuration on method launchapp but has not been marked @Optional or defined
in C:\Users\skava\AppData\Local\Temp\testng-eclipse-601057190\testng-customsuite.xml
	at org.testng.internal.Parameters.createParameters(Parameters.java:148)
	at org.testng.internal.Parameters.createParameters(Parameters.java:361)
	at org.testng.internal.Parameters.createConfigurationParameters(Parameters.java:84)
	at org.testng.internal.Invoker.invokeConfigurations(Invoker.java:197)
	at org.testng.internal.Invoker.invokeConfigurations(Invoker.java:138)
	at org.testng.TestRunner.beforeRun(TestRunner.java:647)
	at org.testng.TestRunner.run(TestRunner.java:615)
	at org.testng.SuiteRunner.runTest(SuiteRunner.java:359)
	at org.testng.SuiteRunner.runSequentially(SuiteRunner.java:354)
	at org.testng.SuiteRunner.privateRun(SuiteRunner.java:312)
	at org.testng.SuiteRunner.run(SuiteRunner.java:261)
	at org.testng.SuiteRunnerWorker.runSuite(SuiteRunnerWorker.java:52)
	at org.testng.SuiteRunnerWorker.run(SuiteRunnerWorker.java:86)
	at org.testng.TestNG.runSuitesSequentially(TestNG.java:1185)
	at org.testng.TestNG.runSuitesLocally(TestNG.java:1110)
	at org.testng.TestNG.run(TestNG.java:1018)
	at org.testng.remote.RemoteTestNG.run(RemoteTestNG.java:112)
	at org.testng.remote.RemoteTestNG.initAndRun(RemoteTestNG.java:205)
	at org.testng.remote.RemoteTestNG.main(RemoteTestNG.java:176)
</pre></div></td>
<td>0</td>
<td>null</td></tr>
</table><p>
<table width='100%' border='1' class='invocation-skipped'>
<tr><td colspan='4' align='center'><b>SKIPPED CONFIGURATIONS</b></td></tr>
<tr><td><b>Test method</b></td>
<td width="30%"><b>Exception</b></td>
<td width="10%"><b>Time (seconds)</b></td>
<td><b>Instance</b></td>
</tr>
<tr>
<td title='tests.TestCases.beforeMethod()'><b>beforeMethod</b><br>Test class: tests.TestCases</td>
<td></td>
<td>0</td>
<td>tests.TestCases@3bfdc050</td></tr>
<tr>
<td title='tests.TestCases.beforeMethod()'><b>beforeMethod</b><br>Test class: tests.TestCases</td>
<td></td>
<td>0</td>
<td>tests.TestCases@3bfdc050</td></tr>
<tr>
<td title='tests.TestCases.AfterMethod()'><b>AfterMethod</b><br>Test class: tests.TestCases</td>
<td></td>
<td>0</td>
<td>tests.TestCases@3bfdc050</td></tr>
<tr>
<td title='tests.TestCases.AfterMethod()'><b>AfterMethod</b><br>Test class: tests.TestCases</td>
<td></td>
<td>0</td>
<td>tests.TestCases@3bfdc050</td></tr>
<tr>
<td title='seleniumGrid1.ParallelTesting.closeBrowser()'><b>closeBrowser</b><br>Test class: seleniumGrid1.ParallelTesting</td>
<td></td>
<td>0</td>
<td>null</td></tr>
</table><p>
<table width='100%' border='1' class='invocation-skipped'>
<tr><td colspan='4' align='center'><b>SKIPPED TESTS</b></td></tr>
<tr><td><b>Test method</b></td>
<td width="30%"><b>Exception</b></td>
<td width="10%"><b>Time (seconds)</b></td>
<td><b>Instance</b></td>
</tr>
<tr>
<td title='utilities.ExcelUtils.ReadDataFromExcel()'><b>ReadDataFromExcel</b><br>Test class: utilities.ExcelUtils</td>
<td></td>
<td>0</td>
<td>utilities.ExcelUtils@1bce4f0a</td></tr>
<tr>
<td title='seleniumGrid1.ParallelTesting.calculatepercent()'><b>calculatepercent</b><br>Test class: seleniumGrid1.ParallelTesting</td>
<td></td>
<td>0</td>
<td>seleniumGrid1.ParallelTesting@42d80b78</td></tr>
>>>>>>> refs/heads/B_ParallelTest
<tr>
<td title='tests.TestCases.test1()'><b>test1</b><br>Test class: tests.TestCases</td>
<td></td>
<td>0</td>
<<<<<<< HEAD
<td>tests.TestCases@153f5a29</td></tr>
=======
<td>tests.TestCases@3bfdc050</td></tr>
<tr>
<td title='tests.TestCases.test2()'><b>test2</b><br>Test class: tests.TestCases</td>
<td></td>
<td>0</td>
<td>tests.TestCases@3bfdc050</td></tr>
>>>>>>> refs/heads/B_ParallelTest
</table><p>
</body>
</html>